# JRE version: Java(TM) SE Runtime Environment (8.0_74-b02) (build 1.8.0_74-b02)
# Java VM: Java HotSpot(TM) 64-Bit Server VM (25.74-b02 mixed mode linux-amd64 compressed oops)
Heap:
 PSYoungGen      total 9728K, used 992K [0x00000000f5980000, 0x00000000f6400000, 0x0000000100000000)
  eden space 8704K, 0% used [0x00000000f5980000,0x00000000f5980000,0x00000000f6200000)
  from space 1024K, 96% used [0x00000000f6300000,0x00000000f63f8020,0x00000000f6400000)
  to   space 1024K, 0% used [0x00000000f6200000,0x00000000f6200000,0x00000000f6300000)
 ParOldGen       total 22016K, used 3315K [0x00000000e0c00000, 0x00000000e2180000, 0x00000000f5980000)
  object space 22016K, 15% used [0x00000000e0c00000,0x00000000e0f3cce8,0x00000000e2180000)
 Metaspace       used 7882K, capacity 8134K, committed 8192K, reserved 1056768K
  class space    used 872K, capacity 974K, committed 1024K, reserved 1048576K
GC Heap History (3 events):
Event: 11.709 GC heap before
{Heap before GC invocations=1 (full 0):
 PSYoungGen      total 9728K, used 8636K [0x00000000f5980000, 0x00000000f6400000, 0x0000000100000000)
  eden space 8704K, 99% used [0x00000000f5980000,0x00000000f61ef3e0,0x00000000f6200000)
  from space 1024K, 0% used [0x00000000f6300000,0x00000000f6300000,0x00000000f6400000)
  to   space 1024K, 0% used [0x00000000f6200000,0x00000000f6200000,0x00000000f6300000)
 ParOldGen       total 22016K, used 0K [0x00000000e0c00000, 0x00000000e2180000, 0x00000000f5980000)
  object space 22016K, 0% used [0x00000000e0c00000,0x00000000e0c00000,0x00000000e2180000)
 Metaspace       used 6389K, capacity 6630K, committed 6784K, reserved 1056768K
  class space    used 717K, capacity 775K, committed 896K, reserved 1048576K
Event: 11.726 GC heap after
Heap after GC invocations=1 (full 0):
 PSYoungGen      total 9728K, used 1008K [0x00000000f5980000, 0x00000000f6400000, 0x0000000100000000)
  eden space 8704K, 0% used [0x00000000f5980000,0x00000000f5980000,0x00000000f6200000)
  from space 1024K, 98% used [0x00000000f6200000,0x00000000f62fc040,0x00000000f6300000)
  to   space 1024K, 0% used [0x00000000f6300000,0x00000000f6300000,0x00000000f6400000)
 ParOldGen       total 22016K, used 1248K [0x00000000e0c00000, 0x00000000e2180000, 0x00000000f5980000)
  object space 22016K, 5% used [0x00000000e0c00000,0x00000000e0d381e8,0x00000000e2180000)
 Metaspace       used 6389K, capacity 6630K, committed 6784K, reserved 1056768K
  class space    used 717K, capacity 775K, committed 896K, reserved 1048576K
}
Event: 16.967 GC heap before
{Heap before GC invocations=2 (full 0):
 PSYoungGen      total 9728K, used 9712K [0x00000000f5980000, 0x00000000f6400000, 0x0000000100000000)
  eden space 8704K, 100% used [0x00000000f5980000,0x00000000f6200000,0x00000000f6200000)
  from space 1024K, 98% used [0x00000000f6200000,0x00000000f62fc040,0x00000000f6300000)
  to   space 1024K, 0% used [0x00000000f6300000,0x00000000f6300000,0x00000000f6400000)
 ParOldGen       total 22016K, used 1248K [0x00000000e0c00000, 0x00000000e2180000, 0x00000000f5980000)
  object space 22016K, 5% used [0x00000000e0c00000,0x00000000e0d381e8,0x00000000e2180000)
 Metaspace       used 7882K, capacity 8134K, committed 8192K, reserved 1056768K
  class space    used 872K, capacity 974K, committed 1024K, reserved 1048576K

