# JRE version: Java(TM) SE Runtime Environment (8.0_74-b02) (build 1.8.0_74-b02)
# Java VM: Java HotSpot(TM) 64-Bit Server VM (25.74-b02 mixed mode linux-amd64 compressed oops)
Heap:
 PSYoungGen      total 75264K, used 6699K [0x00000000f5980000, 0x00000000fab80000, 0x0000000100000000)
  eden space 68096K, 0% used [0x00000000f5980000,0x00000000f5980000,0x00000000f9c00000)
  from space 7168K, 93% used [0x00000000f9c00000,0x00000000fa28ac98,0x00000000fa300000)
  to   space 5632K, 0% used [0x00000000fa300000,0x00000000fa300000,0x00000000fa880000)
 ParOldGen       total 22016K, used 11482K [0x00000000e0c00000, 0x00000000e2180000, 0x00000000f5980000)
  object space 22016K, 52% used [0x00000000e0c00000,0x00000000e1736b60,0x00000000e2180000)
 Metaspace       used 20595K, capacity 21160K, committed 21296K, reserved 1069056K
  class space    used 2470K, capacity 2623K, committed 2688K, reserved 1048576K
GC Heap History (10 events):
Event: 4.520 GC heap after
Heap after GC invocations=4 (full 0):
 PSYoungGen      total 18432K, used 1008K [0x00000000f5980000, 0x00000000f6c80000, 0x0000000100000000)
  eden space 17408K, 0% used [0x00000000f5980000,0x00000000f5980000,0x00000000f6a80000)
  from space 1024K, 98% used [0x00000000f6b80000,0x00000000f6c7c010,0x00000000f6c80000)
  to   space 1024K, 0% used [0x00000000f6a80000,0x00000000f6a80000,0x00000000f6b80000)
 ParOldGen       total 22016K, used 4361K [0x00000000e0c00000, 0x00000000e2180000, 0x00000000f5980000)
  object space 22016K, 19% used [0x00000000e0c00000,0x00000000e1042678,0x00000000e2180000)
 Metaspace       used 8558K, capacity 8712K, committed 8832K, reserved 1056768K
  class space    used 1068K, capacity 1114K, committed 1152K, reserved 1048576K
}
Event: 5.544 GC heap before
{Heap before GC invocations=5 (full 0):
 PSYoungGen      total 18432K, used 18416K [0x00000000f5980000, 0x00000000f6c80000, 0x0000000100000000)
  eden space 17408K, 100% used [0x00000000f5980000,0x00000000f6a80000,0x00000000f6a80000)
  from space 1024K, 98% used [0x00000000f6b80000,0x00000000f6c7c010,0x00000000f6c80000)
  to   space 1024K, 0% used [0x00000000f6a80000,0x00000000f6a80000,0x00000000f6b80000)
 ParOldGen       total 22016K, used 4361K [0x00000000e0c00000, 0x00000000e2180000, 0x00000000f5980000)
  object space 22016K, 19% used [0x00000000e0c00000,0x00000000e1042678,0x00000000e2180000)
 Metaspace       used 10385K, capacity 10484K, committed 10624K, reserved 1058816K
  class space    used 1291K, capacity 1340K, committed 1408K, reserved 1048576K
Event: 5.564 GC heap after
Heap after GC invocations=5 (full 0):
 PSYoungGen      total 18432K, used 992K [0x00000000f5980000, 0x00000000f8280000, 0x0000000100000000)
  eden space 17408K, 0% used [0x00000000f5980000,0x00000000f5980000,0x00000000f6a80000)
  from space 1024K, 96% used [0x00000000f6a80000,0x00000000f6b78020,0x00000000f6b80000)
  to   space 3584K, 0% used [0x00000000f7f00000,0x00000000f7f00000,0x00000000f8280000)
 ParOldGen       total 22016K, used 6154K [0x00000000e0c00000, 0x00000000e2180000, 0x00000000f5980000)
  object space 22016K, 27% used [0x00000000e0c00000,0x00000000e1202858,0x00000000e2180000)
 Metaspace       used 10385K, capacity 10484K, committed 10624K, reserved 1058816K
  class space    used 1291K, capacity 1340K, committed 1408K, reserved 1048576K
}
Event: 6.337 GC heap before
{Heap before GC invocations=6 (full 0):
 PSYoungGen      total 18432K, used 18400K [0x00000000f5980000, 0x00000000f8280000, 0x0000000100000000)
  eden space 17408K, 100% used [0x00000000f5980000,0x00000000f6a80000,0x00000000f6a80000)
  from space 1024K, 96% used [0x00000000f6a80000,0x00000000f6b78020,0x00000000f6b80000)
  to   space 3584K, 0% used [0x00000000f7f00000,0x00000000f7f00000,0x00000000f8280000)
 ParOldGen       total 22016K, used 6154K [0x00000000e0c00000, 0x00000000e2180000, 0x00000000f5980000)
  object space 22016K, 27% used [0x00000000e0c00000,0x00000000e1202858,0x00000000e2180000)
 Metaspace       used 12415K, capacity 12564K, committed 12672K, reserved 1060864K
  class space    used 1510K, capacity 1564K, committed 1664K, reserved 1048576K
Event: 6.350 GC heap after
Heap after GC invocations=6 (full 0):
 PSYoungGen      total 38400K, used 3122K [0x00000000f5980000, 0x00000000f8280000, 0x0000000100000000)
  eden space 34816K, 0% used [0x00000000f5980000,0x00000000f5980000,0x00000000f7b80000)
  from space 3584K, 87% used [0x00000000f7f00000,0x00000000f820ca40,0x00000000f8280000)
  to   space 3584K, 0% used [0x00000000f7b80000,0x00000000f7b80000,0x00000000f7f00000)
 ParOldGen       total 22016K, used 6154K [0x00000000e0c00000, 0x00000000e2180000, 0x00000000f5980000)
  object space 22016K, 27% used [0x00000000e0c00000,0x00000000e1202858,0x00000000e2180000)
 Metaspace       used 12415K, capacity 12564K, committed 12672K, reserved 1060864K
  class space    used 1510K, capacity 1564K, committed 1664K, reserved 1048576K
}
Event: 11.153 GC heap before
{Heap before GC invocations=7 (full 0):
 PSYoungGen      total 38400K, used 37938K [0x00000000f5980000, 0x00000000f8280000, 0x0000000100000000)
  eden space 34816K, 100% used [0x00000000f5980000,0x00000000f7b80000,0x00000000f7b80000)
  from space 3584K, 87% used [0x00000000f7f00000,0x00000000f820ca40,0x00000000f8280000)
  to   space 3584K, 0% used [0x00000000f7b80000,0x00000000f7b80000,0x00000000f7f00000)
 ParOldGen       total 22016K, used 6154K [0x00000000e0c00000, 0x00000000e2180000, 0x00000000f5980000)
  object space 22016K, 27% used [0x00000000e0c00000,0x00000000e1202858,0x00000000e2180000)
 Metaspace       used 16464K, capacity 16824K, committed 17024K, reserved 1064960K
  class space    used 1957K, capacity 2079K, committed 2176K, reserved 1048576K
Event: 11.179 GC heap after
Heap after GC invocations=7 (full 0):
 PSYoungGen      total 38400K, used 3568K [0x00000000f5980000, 0x00000000fa880000, 0x0000000100000000)
  eden space 34816K, 0% used [0x00000000f5980000,0x00000000f5980000,0x00000000f7b80000)
  from space 3584K, 99% used [0x00000000f7b80000,0x00000000f7efc010,0x00000000f7f00000)
  to   space 5632K, 0% used [0x00000000fa300000,0x00000000fa300000,0x00000000fa880000)
 ParOldGen       total 22016K, used 8906K [0x00000000e0c00000, 0x00000000e2180000, 0x00000000f5980000)
  object space 22016K, 40% used [0x00000000e0c00000,0x00000000e14b2b68,0x00000000e2180000)
 Metaspace       used 16464K, capacity 16824K, committed 17024K, reserved 1064960K
  class space    used 1957K, capacity 2079K, committed 2176K, reserved 1048576K
}
Event: 14.691 GC heap before
{Heap before GC invocations=8 (full 0):
 PSYoungGen      total 38400K, used 38384K [0x00000000f5980000, 0x00000000fa880000, 0x0000000100000000)
  eden space 34816K, 100% used [0x00000000f5980000,0x00000000f7b80000,0x00000000f7b80000)
  from space 3584K, 99% used [0x00000000f7b80000,0x00000000f7efc010,0x00000000f7f00000)
  to   space 5632K, 0% used [0x00000000fa300000,0x00000000fa300000,0x00000000fa880000)
 ParOldGen       total 22016K, used 8906K [0x00000000e0c00000, 0x00000000e2180000, 0x00000000f5980000)
  object space 22016K, 40% used [0x00000000e0c00000,0x00000000e14b2b68,0x00000000e2180000)
 Metaspace       used 18429K, capacity 18800K, committed 19072K, reserved 1067008K
  class space    used 2197K, capacity 2307K, committed 2432K, reserved 1048576K
Event: 14.713 GC heap after
Heap after GC invocations=8 (full 0):
 PSYoungGen      total 73728K, used 5600K [0x00000000f5980000, 0x00000000fab80000, 0x0000000100000000)
  eden space 68096K, 0% used [0x00000000f5980000,0x00000000f5980000,0x00000000f9c00000)
  from space 5632K, 99% used [0x00000000fa300000,0x00000000fa8781d8,0x00000000fa880000)
  to   space 7168K, 0% used [0x00000000f9c00000,0x00000000f9c00000,0x00000000fa300000)
 ParOldGen       total 22016K, used 10316K [0x00000000e0c00000, 0x00000000e2180000, 0x00000000f5980000)
  object space 22016K, 46% used [0x00000000e0c00000,0x00000000e1613320,0x00000000e2180000)
 Metaspace       used 18429K, capacity 18800K, committed 19072K, reserved 1067008K
  class space    used 2197K, capacity 2307K, committed 2432K, reserved 1048576K
}
Event: 22.481 GC heap before
{Heap before GC invocations=9 (full 0):
 PSYoungGen      total 73728K, used 43530K [0x00000000f5980000, 0x00000000fab80000, 0x0000000100000000)
  eden space 68096K, 55% used [0x00000000f5980000,0x00000000f7e8a7b0,0x00000000f9c00000)
  from space 5632K, 99% used [0x00000000fa300000,0x00000000fa8781d8,0x00000000fa880000)
  to   space 7168K, 0% used [0x00000000f9c00000,0x00000000f9c00000,0x00000000fa300000)
 ParOldGen       total 22016K, used 10316K [0x00000000e0c00000, 0x00000000e2180000, 0x00000000f5980000)
  object space 22016K, 46% used [0x00000000e0c00000,0x00000000e1613320,0x00000000e2180000)
 Metaspace       used 20595K, capacity 21160K, committed 21296K, reserved 1069056K
  class space    used 2470K, capacity 2623K, committed 2688K, reserved 1048576K

